Projects/android-SlidingTabsBasic-master/Application/build/intermediates/manifest_merge_blame_file/debug/manifest-merger-blame-debug-report.txt
1<?xml version="1.0" encoding="utf-8"?>
2<!--
3 Copyright 2013 The Android Open Source Project
4
5 Licensed under the Apache License, Version 2.0 (the "License");
6 you may not use this file except in compliance with the License.
7 You may obtain a copy of the License at
8
9     http://www.apache.org/licenses/LICENSE-2.0
10
11 Unless required by applicable law or agreed to in writing, software
12 distributed under the License is distributed on an "AS IS" BASIS,
13 WITHOUT WARRANTIES OR CONDITIONS OF ANY KIND, either express or implied.
14 See the License for the specific language governing permissions and
15 limitations under the License.
16-->
17<manifest xmlns:android="http://schemas.android.com/apk/res/android"
18    package="com.example.android.slidingtabsbasic"
19    android:versionCode="1"
20    android:versionName="1.0" >
21
22    <uses-sdk
23        android:minSdkVersion="14"
23-->src\main\AndroidManifest.xml
24        android:targetSdkVersion="27" />
24-->src\main\AndroidManifest.xml
25
26    <!-- Min/target SDK versions (<uses-sdk>) managed by build.gradle -->
27    <application
27-->src\main\AndroidManifest.xml:27:5-39:19
28        android:allowBackup="true"
28-->src\main\AndroidManifest.xml:27:18-44
29        android:debuggable="true"
30        android:icon="@drawable/ic_launcher"
30-->src\main\AndroidManifest.xml:29:9-45
31        android:label="@string/app_name"
31-->src\main\AndroidManifest.xml:28:9-41
32        android:testOnly="true"
33        android:theme="@style/AppTheme" >
33-->src\main\AndroidManifest.xml:30:9-40
34        <activity
34-->src\main\AndroidManifest.xml:32:9-38:20
35            android:name="com.example.android.slidingtabsbasic.MainActivity"
35-->src\main\AndroidManifest.xml:32:19-47
36            android:label="@string/app_name" >
36-->src\main\AndroidManifest.xml:33:19-51
37            <intent-filter>
37-->src\main\AndroidManifest.xml:34:13-37:29
38                <action android:name="android.intent.action.MAIN" />
38-->src\main\AndroidManifest.xml:35:17-69
38-->src\main\AndroidManifest.xml:35:25-66
39
40                <category android:name="android.intent.category.LAUNCHER" />
40-->src\main\AndroidManifest.xml:36:17-77
40-->src\main\AndroidManifest.xml:36:27-74
41            </intent-filter>
42        </activity>
43    </application>
44
45</manifest>